{"Y:\\Projects\\Rubixcode\\string-format\\src\\StringFormat.ts": {"path":"Y:\\Projects\\Rubixcode\\string-format\\src\\StringFormat.ts","statementMap":{"0":{"start":{"line":2,"column":0},"end":{"line":2,"column":43}},"1":{"start":{"line":170,"column":53},"end":{"line":170,"column":62}},"2":{"start":{"line":175,"column":42},"end":{"line":175,"column":47}},"3":{"start":{"line":182,"column":2},"end":{"line":182,"column":null}},"4":{"start":{"line":191,"column":2},"end":{"line":191,"column":null}},"5":{"start":{"line":198,"column":2},"end":{"line":198,"column":null}},"6":{"start":{"line":208,"column":21},"end":{"line":208,"column":35}},"7":{"start":{"line":209,"column":2},"end":{"line":211,"column":null}},"8":{"start":{"line":210,"column":3},"end":{"line":210,"column":null}},"9":{"start":{"line":212,"column":2},"end":{"line":212,"column":null}},"10":{"start":{"line":213,"column":2},"end":{"line":213,"column":null}},"11":{"start":{"line":224,"column":2},"end":{"line":224,"column":null}},"12":{"start":{"line":234,"column":2},"end":{"line":234,"column":null}},"13":{"start":{"line":235,"column":2},"end":{"line":237,"column":null}},"14":{"start":{"line":236,"column":3},"end":{"line":236,"column":null}},"15":{"start":{"line":239,"column":2},"end":{"line":239,"column":null}},"16":{"start":{"line":249,"column":15},"end":{"line":249,"column":19}},"17":{"start":{"line":251,"column":2},"end":{"line":253,"column":null}},"18":{"start":{"line":252,"column":3},"end":{"line":252,"column":null}},"19":{"start":{"line":264,"column":2},"end":{"line":264,"column":null}},"20":{"start":{"line":275,"column":15},"end":{"line":275,"column":19}},"21":{"start":{"line":277,"column":2},"end":{"line":286,"column":null}},"22":{"start":{"line":279,"column":41},"end":{"line":279,"column":76}},"23":{"start":{"line":280,"column":3},"end":{"line":285,"column":null}},"24":{"start":{"line":281,"column":4},"end":{"line":281,"column":null}},"25":{"start":{"line":282,"column":4},"end":{"line":284,"column":null}},"26":{"start":{"line":283,"column":5},"end":{"line":283,"column":10}},"27":{"start":{"line":287,"column":2},"end":{"line":287,"column":null}},"28":{"start":{"line":165,"column":0},"end":{"line":165,"column":13}}},"fnMap":{"0":{"name":"(anonymous_0)","decl":{"start":{"line":181,"column":8},"end":{"line":181,"column":35}},"loc":{"start":{"line":181,"column":35},"end":{"line":183,"column":2}}},"1":{"name":"(anonymous_1)","decl":{"start":{"line":190,"column":8},"end":{"line":190,"column":36}},"loc":{"start":{"line":190,"column":36},"end":{"line":192,"column":2}}},"2":{"name":"(anonymous_2)","decl":{"start":{"line":197,"column":8},"end":{"line":197,"column":38}},"loc":{"start":{"line":197,"column":38},"end":{"line":199,"column":2}}},"3":{"name":"(anonymous_3)","decl":{"start":{"line":207,"column":8},"end":{"line":207,"column":20}},"loc":{"start":{"line":207,"column":48},"end":{"line":214,"column":2}}},"4":{"name":"(anonymous_4)","decl":{"start":{"line":223,"column":8},"end":{"line":223,"column":20}},"loc":{"start":{"line":223,"column":39},"end":{"line":225,"column":2}}},"5":{"name":"(anonymous_5)","decl":{"start":{"line":233,"column":8},"end":{"line":233,"column":23}},"loc":{"start":{"line":233,"column":42},"end":{"line":240,"column":2}}},"6":{"name":"(anonymous_6)","decl":{"start":{"line":242,"column":1},"end":{"line":242,"column":17}},"loc":{"start":{"line":242,"column":1},"end":{"line":242,"column":18}}},"7":{"name":"(anonymous_7)","decl":{"start":{"line":248,"column":8},"end":{"line":248,"column":14}},"loc":{"start":{"line":248,"column":25},"end":{"line":254,"column":2}}},"8":{"name":"(anonymous_8)","decl":{"start":{"line":251,"column":25},"end":{"line":251,"column":46}},"loc":{"start":{"line":251,"column":60},"end":{"line":253,"column":3}}},"9":{"name":"(anonymous_9)","decl":{"start":{"line":263,"column":8},"end":{"line":263,"column":14}},"loc":{"start":{"line":263,"column":45},"end":{"line":265,"column":2}}},"10":{"name":"(anonymous_10)","decl":{"start":{"line":274,"column":9},"end":{"line":274,"column":21}},"loc":{"start":{"line":274,"column":66},"end":{"line":288,"column":2}}}},"branchMap":{"0":{"loc":{"start":{"line":209,"column":2},"end":{"line":211,"column":null}},"type":"if","locations":[{"start":{"line":209,"column":2},"end":{"line":211,"column":null}}]},"1":{"loc":{"start":{"line":235,"column":2},"end":{"line":237,"column":null}},"type":"if","locations":[{"start":{"line":235,"column":2},"end":{"line":237,"column":null}}]},"2":{"loc":{"start":{"line":280,"column":3},"end":{"line":285,"column":null}},"type":"if","locations":[{"start":{"line":280,"column":3},"end":{"line":285,"column":null}}]},"3":{"loc":{"start":{"line":282,"column":4},"end":{"line":284,"column":null}},"type":"if","locations":[{"start":{"line":282,"column":4},"end":{"line":284,"column":null}}]}},"s":{"0":4,"1":28,"2":28,"3":5,"4":1,"5":5,"6":29,"7":29,"8":1,"9":28,"10":28,"11":4,"12":2,"13":2,"14":1,"15":1,"16":15,"17":15,"18":157,"19":4,"20":161,"21":161,"22":167,"23":150,"24":139,"25":139,"26":134,"27":144,"28":4},"f":{"0":5,"1":1,"2":5,"3":29,"4":4,"5":2,"6":28,"7":15,"8":157,"9":4,"10":161},"b":{"0":[1],"1":[1],"2":[139],"3":[134]}}
,"Y:\\Projects\\Rubixcode\\string-format\\src\\index.ts": {"path":"Y:\\Projects\\Rubixcode\\string-format\\src\\index.ts","statementMap":{"0":{"start":{"line":1,"column":0},"end":{"line":1,"column":58}},"1":{"start":{"line":2,"column":0},"end":{"line":2,"column":60}},"2":{"start":{"line":3,"column":0},"end":{"line":3,"column":68}},"3":{"start":{"line":25,"column":2},"end":{"line":25,"column":null}},"4":{"start":{"line":29,"column":27},"end":{"line":29,"column":49}},"5":{"start":{"line":30,"column":26},"end":{"line":30,"column":47}},"6":{"start":{"line":32,"column":2},"end":{"line":32,"column":null}},"7":{"start":{"line":33,"column":2},"end":{"line":33,"column":null}},"8":{"start":{"line":35,"column":2},"end":{"line":35,"column":null}},"9":{"start":{"line":37,"column":2},"end":{"line":37,"column":null}},"10":{"start":{"line":38,"column":2},"end":{"line":38,"column":null}},"11":{"start":{"line":39,"column":2},"end":{"line":39,"column":null}},"12":{"start":{"line":46,"column":18},"end":{"line":46,"column":42}},"13":{"start":{"line":48,"column":0},"end":{"line":48,"column":null}}},"fnMap":{"0":{"name":"(anonymous_1)","decl":{"start":{"line":24,"column":1},"end":{"line":24,"column":null}},"loc":{"start":{"line":24,"column":1},"end":{"line":40,"column":2}}}},"branchMap":{},"s":{"0":1,"1":1,"2":1,"3":1,"4":1,"5":1,"6":1,"7":1,"8":1,"9":1,"10":1,"11":1,"12":1,"13":1},"f":{"0":1},"b":{}}
,"Y:\\Projects\\Rubixcode\\string-format\\src\\formatters\\CStyleFormatter.ts": {"path":"Y:\\Projects\\Rubixcode\\string-format\\src\\formatters\\CStyleFormatter.ts","statementMap":{"0":{"start":{"line":1,"column":0},"end":{"line":1,"column":43}},"1":{"start":{"line":4,"column":19},"end":{"line":7,"column":null}},"2":{"start":{"line":5,"column":34},"end":{"line":5,"column":85}},"3":{"start":{"line":6,"column":33},"end":{"line":6,"column":82}},"4":{"start":{"line":15,"column":9},"end":{"line":15,"column":26}},"5":{"start":{"line":16,"column":14},"end":{"line":16,"column":38}},"6":{"start":{"line":17,"column":1},"end":{"line":17,"column":null}},"7":{"start":{"line":23,"column":45},"end":{"line":39,"column":null}},"8":{"start":{"line":27,"column":2},"end":{"line":32,"column":null}},"9":{"start":{"line":28,"column":3},"end":{"line":28,"column":null}},"10":{"start":{"line":30,"column":7},"end":{"line":32,"column":null}},"11":{"start":{"line":31,"column":3},"end":{"line":31,"column":null}},"12":{"start":{"line":33,"column":2},"end":{"line":37,"column":null}},"13":{"start":{"line":42,"column":45},"end":{"line":71,"column":null}},"14":{"start":{"line":46,"column":2},"end":{"line":48,"column":null}},"15":{"start":{"line":47,"column":3},"end":{"line":47,"column":null}},"16":{"start":{"line":49,"column":15},"end":{"line":49,"column":61}},"17":{"start":{"line":50,"column":18},"end":{"line":50,"column":37}},"18":{"start":{"line":51,"column":19},"end":{"line":51,"column":21}},"19":{"start":{"line":52,"column":2},"end":{"line":52,"column":null}},"20":{"start":{"line":52,"column":20},"end":{"line":52,"column":32}},"21":{"start":{"line":55,"column":2},"end":{"line":65,"column":null}},"22":{"start":{"line":57,"column":4},"end":{"line":57,"column":null}},"23":{"start":{"line":58,"column":4},"end":{"line":58,"column":9}},"24":{"start":{"line":60,"column":4},"end":{"line":60,"column":null}},"25":{"start":{"line":61,"column":4},"end":{"line":61,"column":9}},"26":{"start":{"line":63,"column":4},"end":{"line":63,"column":null}},"27":{"start":{"line":64,"column":4},"end":{"line":64,"column":9}},"28":{"start":{"line":66,"column":2},"end":{"line":69,"column":null}},"29":{"start":{"line":74,"column":41},"end":{"line":86,"column":null}},"30":{"start":{"line":78,"column":2},"end":{"line":80,"column":null}},"31":{"start":{"line":79,"column":3},"end":{"line":79,"column":null}},"32":{"start":{"line":81,"column":2},"end":{"line":84,"column":null}},"33":{"start":{"line":89,"column":42},"end":{"line":101,"column":null}},"34":{"start":{"line":93,"column":2},"end":{"line":95,"column":null}},"35":{"start":{"line":94,"column":3},"end":{"line":94,"column":null}},"36":{"start":{"line":96,"column":2},"end":{"line":99,"column":null}},"37":{"start":{"line":104,"column":39},"end":{"line":118,"column":null}},"38":{"start":{"line":108,"column":2},"end":{"line":110,"column":null}},"39":{"start":{"line":109,"column":3},"end":{"line":109,"column":null}},"40":{"start":{"line":111,"column":12},"end":{"line":111,"column":48}},"41":{"start":{"line":112,"column":2},"end":{"line":112,"column":null}},"42":{"start":{"line":112,"column":28},"end":{"line":112,"column":53}},"43":{"start":{"line":113,"column":2},"end":{"line":116,"column":null}},"44":{"start":{"line":121,"column":40},"end":{"line":133,"column":null}},"45":{"start":{"line":125,"column":2},"end":{"line":127,"column":null}},"46":{"start":{"line":126,"column":3},"end":{"line":126,"column":null}},"47":{"start":{"line":128,"column":2},"end":{"line":131,"column":null}},"48":{"start":{"line":136,"column":48},"end":{"line":161,"column":null}},"49":{"start":{"line":140,"column":2},"end":{"line":142,"column":null}},"50":{"start":{"line":141,"column":3},"end":{"line":141,"column":null}},"51":{"start":{"line":143,"column":15},"end":{"line":143,"column":61}},"52":{"start":{"line":143,"column":75},"end":{"line":143,"column":94}},"53":{"start":{"line":143,"column":109},"end":{"line":143,"column":111}},"54":{"start":{"line":144,"column":2},"end":{"line":144,"column":null}},"55":{"start":{"line":144,"column":20},"end":{"line":144,"column":32}},"56":{"start":{"line":147,"column":2},"end":{"line":154,"column":null}},"57":{"start":{"line":149,"column":4},"end":{"line":149,"column":null}},"58":{"start":{"line":150,"column":4},"end":{"line":150,"column":9}},"59":{"start":{"line":152,"column":4},"end":{"line":152,"column":null}},"60":{"start":{"line":153,"column":4},"end":{"line":153,"column":9}},"61":{"start":{"line":155,"column":2},"end":{"line":159,"column":null}},"62":{"start":{"line":164,"column":45},"end":{"line":194,"column":null}},"63":{"start":{"line":168,"column":2},"end":{"line":170,"column":null}},"64":{"start":{"line":169,"column":3},"end":{"line":169,"column":null}},"65":{"start":{"line":171,"column":12},"end":{"line":171,"column":13}},"66":{"start":{"line":171,"column":28},"end":{"line":171,"column":30}},"67":{"start":{"line":171,"column":45},"end":{"line":171,"column":46}},"68":{"start":{"line":171,"column":60},"end":{"line":171,"column":79}},"69":{"start":{"line":174,"column":2},"end":{"line":186,"column":null}},"70":{"start":{"line":175,"column":3},"end":{"line":175,"column":null}},"71":{"start":{"line":180,"column":3},"end":{"line":180,"column":null}},"72":{"start":{"line":181,"column":3},"end":{"line":181,"column":null}},"73":{"start":{"line":182,"column":3},"end":{"line":182,"column":null}},"74":{"start":{"line":183,"column":3},"end":{"line":185,"column":null}},"75":{"start":{"line":188,"column":2},"end":{"line":192,"column":null}},"76":{"start":{"line":197,"column":43},"end":{"line":209,"column":null}},"77":{"start":{"line":201,"column":2},"end":{"line":203,"column":null}},"78":{"start":{"line":202,"column":3},"end":{"line":202,"column":null}},"79":{"start":{"line":204,"column":2},"end":{"line":207,"column":null}},"80":{"start":{"line":212,"column":47},"end":{"line":253,"column":null}},"81":{"start":{"line":216,"column":2},"end":{"line":218,"column":null}},"82":{"start":{"line":217,"column":3},"end":{"line":217,"column":null}},"83":{"start":{"line":219,"column":16},"end":{"line":219,"column":33}},"84":{"start":{"line":220,"column":14},"end":{"line":220,"column":23}},"85":{"start":{"line":221,"column":16},"end":{"line":221,"column":64}},"86":{"start":{"line":222,"column":14},"end":{"line":222,"column":58}},"87":{"start":{"line":225,"column":2},"end":{"line":246,"column":null}},"88":{"start":{"line":226,"column":3},"end":{"line":245,"column":null}},"89":{"start":{"line":227,"column":4},"end":{"line":227,"column":null}},"90":{"start":{"line":228,"column":4},"end":{"line":233,"column":null}},"91":{"start":{"line":232,"column":5},"end":{"line":232,"column":null}},"92":{"start":{"line":234,"column":4},"end":{"line":236,"column":null}},"93":{"start":{"line":239,"column":4},"end":{"line":239,"column":41}},"94":{"start":{"line":240,"column":4},"end":{"line":240,"column":null}},"95":{"start":{"line":241,"column":4},"end":{"line":241,"column":null}},"96":{"start":{"line":242,"column":4},"end":{"line":244,"column":null}},"97":{"start":{"line":248,"column":2},"end":{"line":251,"column":null}},"98":{"start":{"line":256,"column":41},"end":{"line":295,"column":null}},"99":{"start":{"line":260,"column":2},"end":{"line":262,"column":null}},"100":{"start":{"line":261,"column":3},"end":{"line":261,"column":null}},"101":{"start":{"line":263,"column":16},"end":{"line":263,"column":33}},"102":{"start":{"line":264,"column":14},"end":{"line":264,"column":37}},"103":{"start":{"line":265,"column":11},"end":{"line":265,"column":20}},"104":{"start":{"line":266,"column":13},"end":{"line":266,"column":22}},"105":{"start":{"line":267,"column":16},"end":{"line":267,"column":17}},"106":{"start":{"line":268,"column":17},"end":{"line":270,"column":25}},"107":{"start":{"line":271,"column":11},"end":{"line":271,"column":82}},"108":{"start":{"line":275,"column":2},"end":{"line":288,"column":null}},"109":{"start":{"line":276,"column":3},"end":{"line":287,"column":null}},"110":{"start":{"line":277,"column":4},"end":{"line":277,"column":null}},"111":{"start":{"line":278,"column":4},"end":{"line":278,"column":null}},"112":{"start":{"line":279,"column":4},"end":{"line":281,"column":null}},"113":{"start":{"line":284,"column":4},"end":{"line":286,"column":null}},"114":{"start":{"line":290,"column":2},"end":{"line":293,"column":null}},"115":{"start":{"line":317,"column":21},"end":{"line":317,"column":50}},"116":{"start":{"line":322,"column":64},"end":{"line":334,"column":null}},"117":{"start":{"line":340,"column":43},"end":{"line":340,"column":66}},"118":{"start":{"line":347,"column":2},"end":{"line":347,"column":null}},"119":{"start":{"line":348,"column":2},"end":{"line":350,"column":null}},"120":{"start":{"line":349,"column":3},"end":{"line":349,"column":null}},"121":{"start":{"line":358,"column":2},"end":{"line":358,"column":null}},"122":{"start":{"line":367,"column":21},"end":{"line":367,"column":38}},"123":{"start":{"line":368,"column":2},"end":{"line":370,"column":null}},"124":{"start":{"line":369,"column":3},"end":{"line":369,"column":null}},"125":{"start":{"line":371,"column":2},"end":{"line":371,"column":null}},"126":{"start":{"line":382,"column":2},"end":{"line":382,"column":null}},"127":{"start":{"line":391,"column":2},"end":{"line":391,"column":null}},"128":{"start":{"line":392,"column":2},"end":{"line":394,"column":null}},"129":{"start":{"line":393,"column":3},"end":{"line":393,"column":null}},"130":{"start":{"line":396,"column":2},"end":{"line":396,"column":null}},"131":{"start":{"line":406,"column":2},"end":{"line":406,"column":null}},"132":{"start":{"line":417,"column":2},"end":{"line":417,"column":null}},"133":{"start":{"line":427,"column":2},"end":{"line":427,"column":null}},"134":{"start":{"line":437,"column":2},"end":{"line":437,"column":null}},"135":{"start":{"line":449,"column":2},"end":{"line":449,"column":null}},"136":{"start":{"line":450,"column":27},"end":{"line":450,"column":32}},"137":{"start":{"line":451,"column":32},"end":{"line":451,"column":37}},"138":{"start":{"line":453,"column":2},"end":{"line":471,"column":null}},"139":{"start":{"line":453,"column":15},"end":{"line":453,"column":16}},"140":{"start":{"line":454,"column":3},"end":{"line":470,"column":null}},"141":{"start":{"line":455,"column":21},"end":{"line":455,"column":30}},"142":{"start":{"line":459,"column":4},"end":{"line":465,"column":null}},"143":{"start":{"line":460,"column":5},"end":{"line":464,"column":null}},"144":{"start":{"line":461,"column":6},"end":{"line":461,"column":null}},"145":{"start":{"line":463,"column":6},"end":{"line":463,"column":11}},"146":{"start":{"line":466,"column":4},"end":{"line":469,"column":null}},"147":{"start":{"line":467,"column":5},"end":{"line":467,"column":null}},"148":{"start":{"line":468,"column":5},"end":{"line":468,"column":null}},"149":{"start":{"line":473,"column":2},"end":{"line":473,"column":null}},"150":{"start":{"line":315,"column":0},"end":{"line":315,"column":21}}},"fnMap":{"0":{"name":"(anonymous_0)","decl":{"start":{"line":5,"column":1},"end":{"line":5,"column":19}},"loc":{"start":{"line":5,"column":30},"end":{"line":5,"column":86}}},"1":{"name":"(anonymous_1)","decl":{"start":{"line":6,"column":1},"end":{"line":6,"column":18}},"loc":{"start":{"line":6,"column":29},"end":{"line":6,"column":83}}},"2":{"name":"isParsableNumber","decl":{"start":{"line":14,"column":9},"end":{"line":14,"column":25}},"loc":{"start":{"line":14,"column":39},"end":{"line":18,"column":1}}},"3":{"name":"(anonymous_3)","decl":{"start":{"line":26,"column":1},"end":{"line":26,"column":10}},"loc":{"start":{"line":26,"column":69},"end":{"line":38,"column":2}}},"4":{"name":"(anonymous_4)","decl":{"start":{"line":45,"column":1},"end":{"line":45,"column":10}},"loc":{"start":{"line":45,"column":69},"end":{"line":70,"column":2}}},"5":{"name":"(anonymous_5)","decl":{"start":{"line":77,"column":1},"end":{"line":77,"column":10}},"loc":{"start":{"line":77,"column":69},"end":{"line":85,"column":2}}},"6":{"name":"(anonymous_6)","decl":{"start":{"line":92,"column":1},"end":{"line":92,"column":10}},"loc":{"start":{"line":92,"column":69},"end":{"line":100,"column":2}}},"7":{"name":"(anonymous_7)","decl":{"start":{"line":107,"column":1},"end":{"line":107,"column":10}},"loc":{"start":{"line":107,"column":69},"end":{"line":117,"column":2}}},"8":{"name":"(anonymous_8)","decl":{"start":{"line":124,"column":1},"end":{"line":124,"column":10}},"loc":{"start":{"line":124,"column":69},"end":{"line":132,"column":2}}},"9":{"name":"(anonymous_9)","decl":{"start":{"line":139,"column":1},"end":{"line":139,"column":10}},"loc":{"start":{"line":139,"column":69},"end":{"line":160,"column":2}}},"10":{"name":"(anonymous_10)","decl":{"start":{"line":167,"column":1},"end":{"line":167,"column":10}},"loc":{"start":{"line":167,"column":69},"end":{"line":193,"column":2}}},"11":{"name":"(anonymous_11)","decl":{"start":{"line":200,"column":1},"end":{"line":200,"column":10}},"loc":{"start":{"line":200,"column":69},"end":{"line":208,"column":2}}},"12":{"name":"(anonymous_12)","decl":{"start":{"line":215,"column":1},"end":{"line":215,"column":10}},"loc":{"start":{"line":215,"column":69},"end":{"line":252,"column":2}}},"13":{"name":"(anonymous_13)","decl":{"start":{"line":259,"column":1},"end":{"line":259,"column":10}},"loc":{"start":{"line":259,"column":69},"end":{"line":294,"column":2}}},"14":{"name":"(anonymous_14)","decl":{"start":{"line":317,"column":1},"end":{"line":317,"column":12}},"loc":{"start":{"line":317,"column":16},"end":{"line":317,"column":51}}},"15":{"name":"(anonymous_15)","decl":{"start":{"line":345,"column":1},"end":{"line":345,"column":null}},"loc":{"start":{"line":345,"column":1},"end":{"line":351,"column":2}}},"16":{"name":"(anonymous_16)","decl":{"start":{"line":348,"column":49},"end":{"line":348,"column":55}},"loc":{"start":{"line":348,"column":58},"end":{"line":350,"column":3}}},"17":{"name":"(anonymous_17)","decl":{"start":{"line":357,"column":8},"end":{"line":357,"column":31}},"loc":{"start":{"line":357,"column":31},"end":{"line":359,"column":2}}},"18":{"name":"(anonymous_18)","decl":{"start":{"line":366,"column":8},"end":{"line":366,"column":23}},"loc":{"start":{"line":366,"column":57},"end":{"line":373,"column":2}}},"19":{"name":"(anonymous_19)","decl":{"start":{"line":381,"column":8},"end":{"line":381,"column":23}},"loc":{"start":{"line":381,"column":42},"end":{"line":383,"column":2}}},"20":{"name":"(anonymous_20)","decl":{"start":{"line":390,"column":8},"end":{"line":390,"column":26}},"loc":{"start":{"line":390,"column":51},"end":{"line":398,"column":2}}},"21":{"name":"(anonymous_21)","decl":{"start":{"line":405,"column":8},"end":{"line":405,"column":31}},"loc":{"start":{"line":405,"column":31},"end":{"line":407,"column":2}}},"22":{"name":"(anonymous_22)","decl":{"start":{"line":416,"column":8},"end":{"line":416,"column":22}},"loc":{"start":{"line":416,"column":67},"end":{"line":418,"column":2}}},"23":{"name":"(anonymous_23)","decl":{"start":{"line":426,"column":8},"end":{"line":426,"column":22}},"loc":{"start":{"line":426,"column":34},"end":{"line":428,"column":2}}},"24":{"name":"(anonymous_24)","decl":{"start":{"line":436,"column":8},"end":{"line":436,"column":25}},"loc":{"start":{"line":436,"column":37},"end":{"line":438,"column":2}}},"25":{"name":"(anonymous_25)","decl":{"start":{"line":448,"column":8},"end":{"line":448,"column":14}},"loc":{"start":{"line":448,"column":46},"end":{"line":474,"column":2}}}},"branchMap":{"0":{"loc":{"start":{"line":16,"column":14},"end":{"line":16,"column":38}},"type":"binary-expr","locations":[{"start":{"line":16,"column":14},"end":{"line":16,"column":23}},{"start":{"line":16,"column":27},"end":{"line":16,"column":38}}]},"1":{"loc":{"start":{"line":27,"column":2},"end":{"line":32,"column":null}},"type":"if","locations":[{"start":{"line":27,"column":2},"end":{"line":32,"column":null}},{"start":{"line":30,"column":7},"end":{"line":32,"column":null}}]},"2":{"loc":{"start":{"line":27,"column":6},"end":{"line":27,"column":59}},"type":"binary-expr","locations":[{"start":{"line":27,"column":6},"end":{"line":27,"column":23}},{"start":{"line":27,"column":27},"end":{"line":27,"column":59}}]},"3":{"loc":{"start":{"line":30,"column":7},"end":{"line":32,"column":null}},"type":"if","locations":[{"start":{"line":30,"column":7},"end":{"line":32,"column":null}}]},"4":{"loc":{"start":{"line":30,"column":11},"end":{"line":30,"column":87}},"type":"binary-expr","locations":[{"start":{"line":30,"column":11},"end":{"line":30,"column":28}},{"start":{"line":30,"column":32},"end":{"line":30,"column":57}},{"start":{"line":30,"column":61},"end":{"line":30,"column":87}}]},"5":{"loc":{"start":{"line":46,"column":2},"end":{"line":48,"column":null}},"type":"if","locations":[{"start":{"line":46,"column":2},"end":{"line":48,"column":null}}]},"6":{"loc":{"start":{"line":52,"column":2},"end":{"line":52,"column":null}},"type":"if","locations":[{"start":{"line":52,"column":2},"end":{"line":52,"column":null}}]},"7":{"loc":{"start":{"line":55,"column":2},"end":{"line":65,"column":null}},"type":"switch","locations":[{"start":{"line":56,"column":3},"end":{"line":58,"column":9}},{"start":{"line":59,"column":3},"end":{"line":61,"column":9}},{"start":{"line":62,"column":3},"end":{"line":64,"column":9}}]},"8":{"loc":{"start":{"line":78,"column":2},"end":{"line":80,"column":null}},"type":"if","locations":[{"start":{"line":78,"column":2},"end":{"line":80,"column":null}}]},"9":{"loc":{"start":{"line":93,"column":2},"end":{"line":95,"column":null}},"type":"if","locations":[{"start":{"line":93,"column":2},"end":{"line":95,"column":null}}]},"10":{"loc":{"start":{"line":108,"column":2},"end":{"line":110,"column":null}},"type":"if","locations":[{"start":{"line":108,"column":2},"end":{"line":110,"column":null}}]},"11":{"loc":{"start":{"line":112,"column":2},"end":{"line":112,"column":null}},"type":"if","locations":[{"start":{"line":112,"column":2},"end":{"line":112,"column":null}}]},"12":{"loc":{"start":{"line":125,"column":2},"end":{"line":127,"column":null}},"type":"if","locations":[{"start":{"line":125,"column":2},"end":{"line":127,"column":null}}]},"13":{"loc":{"start":{"line":140,"column":2},"end":{"line":142,"column":null}},"type":"if","locations":[{"start":{"line":140,"column":2},"end":{"line":142,"column":null}}]},"14":{"loc":{"start":{"line":144,"column":2},"end":{"line":144,"column":null}},"type":"if","locations":[{"start":{"line":144,"column":2},"end":{"line":144,"column":null}}]},"15":{"loc":{"start":{"line":147,"column":2},"end":{"line":154,"column":null}},"type":"switch","locations":[{"start":{"line":148,"column":3},"end":{"line":150,"column":9}},{"start":{"line":151,"column":3},"end":{"line":153,"column":9}}]},"16":{"loc":{"start":{"line":168,"column":2},"end":{"line":170,"column":null}},"type":"if","locations":[{"start":{"line":168,"column":2},"end":{"line":170,"column":null}}]},"17":{"loc":{"start":{"line":174,"column":2},"end":{"line":186,"column":null}},"type":"if","locations":[{"start":{"line":174,"column":2},"end":{"line":186,"column":null}},{"start":{"line":179,"column":7},"end":{"line":186,"column":null}}]},"18":{"loc":{"start":{"line":183,"column":16},"end":{"line":185,"column":57}},"type":"cond-expr","locations":[{"start":{"line":184,"column":4},"end":{"line":184,"column":57}},{"start":{"line":185,"column":4},"end":{"line":185,"column":57}}]},"19":{"loc":{"start":{"line":201,"column":2},"end":{"line":203,"column":null}},"type":"if","locations":[{"start":{"line":201,"column":2},"end":{"line":203,"column":null}}]},"20":{"loc":{"start":{"line":216,"column":2},"end":{"line":218,"column":null}},"type":"if","locations":[{"start":{"line":216,"column":2},"end":{"line":218,"column":null}}]},"21":{"loc":{"start":{"line":221,"column":16},"end":{"line":221,"column":64}},"type":"cond-expr","locations":[{"start":{"line":221,"column":35},"end":{"line":221,"column":52}},{"start":{"line":221,"column":55},"end":{"line":221,"column":64}}]},"22":{"loc":{"start":{"line":225,"column":2},"end":{"line":246,"column":null}},"type":"if","locations":[{"start":{"line":225,"column":2},"end":{"line":246,"column":null}}]},"23":{"loc":{"start":{"line":226,"column":3},"end":{"line":245,"column":null}},"type":"if","locations":[{"start":{"line":226,"column":3},"end":{"line":245,"column":null}},{"start":{"line":238,"column":8},"end":{"line":245,"column":null}}]},"24":{"loc":{"start":{"line":228,"column":4},"end":{"line":233,"column":null}},"type":"if","locations":[{"start":{"line":228,"column":4},"end":{"line":233,"column":null}}]},"25":{"loc":{"start":{"line":234,"column":12},"end":{"line":236,"column":43}},"type":"cond-expr","locations":[{"start":{"line":235,"column":5},"end":{"line":235,"column":43}},{"start":{"line":236,"column":5},"end":{"line":236,"column":43}}]},"26":{"loc":{"start":{"line":239,"column":15},"end":{"line":239,"column":40}},"type":"binary-expr","locations":[{"start":{"line":239,"column":15},"end":{"line":239,"column":34}},{"start":{"line":239,"column":38},"end":{"line":239,"column":40}}]},"27":{"loc":{"start":{"line":242,"column":12},"end":{"line":244,"column":44}},"type":"cond-expr","locations":[{"start":{"line":243,"column":5},"end":{"line":243,"column":57}},{"start":{"line":244,"column":5},"end":{"line":244,"column":44}}]},"28":{"loc":{"start":{"line":260,"column":2},"end":{"line":262,"column":null}},"type":"if","locations":[{"start":{"line":260,"column":2},"end":{"line":262,"column":null}}]},"29":{"loc":{"start":{"line":268,"column":17},"end":{"line":270,"column":25}},"type":"cond-expr","locations":[{"start":{"line":269,"column":4},"end":{"line":269,"column":24}},{"start":{"line":270,"column":6},"end":{"line":270,"column":25}}]},"30":{"loc":{"start":{"line":271,"column":45},"end":{"line":271,"column":81}},"type":"cond-expr","locations":[{"start":{"line":271,"column":62},"end":{"line":271,"column":77}},{"start":{"line":271,"column":80},"end":{"line":271,"column":81}}]},"31":{"loc":{"start":{"line":275,"column":2},"end":{"line":288,"column":null}},"type":"if","locations":[{"start":{"line":275,"column":2},"end":{"line":288,"column":null}}]},"32":{"loc":{"start":{"line":276,"column":3},"end":{"line":287,"column":null}},"type":"if","locations":[{"start":{"line":276,"column":3},"end":{"line":287,"column":null}},{"start":{"line":283,"column":8},"end":{"line":287,"column":null}}]},"33":{"loc":{"start":{"line":279,"column":12},"end":{"line":281,"column":91}},"type":"cond-expr","locations":[{"start":{"line":280,"column":5},"end":{"line":280,"column":91}},{"start":{"line":281,"column":5},"end":{"line":281,"column":91}}]},"34":{"loc":{"start":{"line":368,"column":2},"end":{"line":370,"column":null}},"type":"if","locations":[{"start":{"line":368,"column":2},"end":{"line":370,"column":null}}]},"35":{"loc":{"start":{"line":392,"column":2},"end":{"line":394,"column":null}},"type":"if","locations":[{"start":{"line":392,"column":2},"end":{"line":394,"column":null}}]},"36":{"loc":{"start":{"line":454,"column":3},"end":{"line":470,"column":null}},"type":"if","locations":[{"start":{"line":454,"column":3},"end":{"line":470,"column":null}}]},"37":{"loc":{"start":{"line":460,"column":5},"end":{"line":464,"column":null}},"type":"if","locations":[{"start":{"line":460,"column":5},"end":{"line":464,"column":null}}]},"38":{"loc":{"start":{"line":466,"column":4},"end":{"line":469,"column":null}},"type":"if","locations":[{"start":{"line":466,"column":4},"end":{"line":469,"column":null}}]}},"s":{"0":2,"1":2,"2":11,"3":3,"4":71,"5":71,"6":71,"7":2,"8":27,"9":1,"10":26,"11":1,"12":25,"13":2,"14":15,"15":3,"16":12,"17":12,"18":12,"19":12,"20":1,"21":12,"22":4,"23":4,"24":3,"25":3,"26":5,"27":5,"28":12,"29":2,"30":10,"31":1,"32":9,"33":2,"34":5,"35":1,"36":4,"37":2,"38":7,"39":2,"40":5,"41":5,"42":3,"43":5,"44":2,"45":5,"46":1,"47":4,"48":2,"49":9,"50":1,"51":8,"52":8,"53":8,"54":8,"55":1,"56":8,"57":5,"58":5,"59":3,"60":3,"61":8,"62":2,"63":14,"64":1,"65":13,"66":13,"67":13,"68":13,"69":13,"70":4,"71":9,"72":9,"73":9,"74":9,"75":13,"76":2,"77":0,"78":0,"79":0,"80":2,"81":11,"82":1,"83":10,"84":10,"85":10,"86":10,"87":10,"88":7,"89":4,"90":4,"91":1,"92":3,"93":3,"94":3,"95":3,"96":3,"97":9,"98":2,"99":8,"100":1,"101":7,"102":7,"103":7,"104":7,"105":7,"106":7,"107":7,"108":7,"109":4,"110":3,"111":3,"112":3,"113":1,"114":7,"115":13,"116":2,"117":2,"118":12,"119":12,"120":132,"121":1,"122":137,"123":137,"124":3,"125":134,"126":2,"127":3,"128":3,"129":1,"130":2,"131":1,"132":1,"133":1,"134":1,"135":107,"136":107,"137":107,"138":107,"139":107,"140":117,"141":116,"142":116,"143":603,"144":114,"145":114,"146":116,"147":114,"148":99,"149":92,"150":2},"f":{"0":11,"1":3,"2":71,"3":27,"4":15,"5":10,"6":5,"7":7,"8":5,"9":9,"10":14,"11":0,"12":11,"13":8,"14":13,"15":12,"16":132,"17":1,"18":137,"19":2,"20":3,"21":1,"22":1,"23":1,"24":1,"25":107},"b":{"0":[71,60],"1":[1,26],"2":[27,10],"3":[1],"4":[26,17,3],"5":[3],"6":[1],"7":[4,3,5],"8":[1],"9":[1],"10":[2],"11":[3],"12":[1],"13":[1],"14":[1],"15":[5,3],"16":[1],"17":[4,9],"18":[5,4],"19":[0],"20":[1],"21":[5,5],"22":[7],"23":[4,3],"24":[1],"25":[1,2],"26":[3,0],"27":[2,1],"28":[1],"29":[6,1],"30":[5,2],"31":[4],"32":[3,1],"33":[1,2],"34":[3],"35":[1],"36":[116],"37":[114],"38":[114]}}
,"Y:\\Projects\\Rubixcode\\string-format\\src\\formatters\\PyStyleFormatter.ts": {"path":"Y:\\Projects\\Rubixcode\\string-format\\src\\formatters\\PyStyleFormatter.ts","statementMap":{"0":{"start":{"line":4,"column":24},"end":{"line":7,"column":null}},"1":{"start":{"line":6,"column":21},"end":{"line":6,"column":42}},"2":{"start":{"line":10,"column":0},"end":{"line":10,"column":null}},"3":{"start":{"line":11,"column":1},"end":{"line":11,"column":null}},"4":{"start":{"line":12,"column":1},"end":{"line":12,"column":null}},"5":{"start":{"line":13,"column":1},"end":{"line":13,"column":null}},"6":{"start":{"line":17,"column":1},"end":{"line":29,"column":null}},"7":{"start":{"line":18,"column":2},"end":{"line":21,"column":null}},"8":{"start":{"line":19,"column":3},"end":{"line":20,"column":null}},"9":{"start":{"line":22,"column":2},"end":{"line":22,"column":null}},"10":{"start":{"line":24,"column":2},"end":{"line":27,"column":null}},"11":{"start":{"line":25,"column":3},"end":{"line":26,"column":null}},"12":{"start":{"line":28,"column":2},"end":{"line":28,"column":null}},"13":{"start":{"line":34,"column":1},"end":{"line":89,"column":null}},"14":{"start":{"line":35,"column":14},"end":{"line":35,"column":15}},"15":{"start":{"line":36,"column":14},"end":{"line":36,"column":42}},"16":{"start":{"line":37,"column":20},"end":{"line":37,"column":25}},"17":{"start":{"line":39,"column":15},"end":{"line":85,"column":null}},"18":{"start":{"line":42,"column":4},"end":{"line":42,"column":null}},"19":{"start":{"line":43,"column":4},"end":{"line":45,"column":null}},"20":{"start":{"line":44,"column":5},"end":{"line":44,"column":null}},"21":{"start":{"line":46,"column":22},"end":{"line":46,"column":26}},"22":{"start":{"line":47,"column":4},"end":{"line":47,"column":null}},"23":{"start":{"line":48,"column":4},"end":{"line":51,"column":null}},"24":{"start":{"line":49,"column":5},"end":{"line":49,"column":null}},"25":{"start":{"line":50,"column":5},"end":{"line":50,"column":null}},"26":{"start":{"line":59,"column":15},"end":{"line":59,"column":29}},"27":{"start":{"line":60,"column":16},"end":{"line":74,"column":56}},"28":{"start":{"line":63,"column":7},"end":{"line":70,"column":null}},"29":{"start":{"line":65,"column":9},"end":{"line":67,"column":null}},"30":{"start":{"line":74,"column":41},"end":{"line":74,"column":50}},"31":{"start":{"line":76,"column":4},"end":{"line":84,"column":null}},"32":{"start":{"line":77,"column":5},"end":{"line":77,"column":null}},"33":{"start":{"line":78,"column":11},"end":{"line":84,"column":null}},"34":{"start":{"line":79,"column":25},"end":{"line":79,"column":54}},"35":{"start":{"line":80,"column":5},"end":{"line":80,"column":120}},"36":{"start":{"line":80,"column":43},"end":{"line":80,"column":120}},"37":{"start":{"line":81,"column":5},"end":{"line":81,"column":null}},"38":{"start":{"line":83,"column":5},"end":{"line":83,"column":null}},"39":{"start":{"line":88,"column":2},"end":{"line":88,"column":null}},"40":{"start":{"line":102,"column":44},"end":{"line":102,"column":79}},"41":{"start":{"line":107,"column":63},"end":{"line":107,"column":65}},"42":{"start":{"line":111,"column":2},"end":{"line":111,"column":null}},"43":{"start":{"line":118,"column":2},"end":{"line":118,"column":null}},"44":{"start":{"line":126,"column":2},"end":{"line":126,"column":null}},"45":{"start":{"line":135,"column":2},"end":{"line":135,"column":null}},"46":{"start":{"line":145,"column":2},"end":{"line":145,"column":null}},"47":{"start":{"line":154,"column":2},"end":{"line":154,"column":null}},"48":{"start":{"line":163,"column":2},"end":{"line":163,"column":null}},"49":{"start":{"line":174,"column":2},"end":{"line":176,"column":null}},"50":{"start":{"line":175,"column":3},"end":{"line":175,"column":null}},"51":{"start":{"line":177,"column":2},"end":{"line":177,"column":null}},"52":{"start":{"line":187,"column":2},"end":{"line":187,"column":null}},"53":{"start":{"line":197,"column":2},"end":{"line":200,"column":null}},"54":{"start":{"line":198,"column":3},"end":{"line":198,"column":null}},"55":{"start":{"line":200,"column":7},"end":{"line":200,"column":null}},"56":{"start":{"line":212,"column":15},"end":{"line":212,"column":92}},"57":{"start":{"line":214,"column":2},"end":{"line":214,"column":null}},"58":{"start":{"line":100,"column":0},"end":{"line":100,"column":21}}},"fnMap":{"0":{"name":"(anonymous_0)","decl":{"start":{"line":6,"column":5},"end":{"line":6,"column":6}},"loc":{"start":{"line":6,"column":21},"end":{"line":6,"column":42}}},"1":{"name":"(anonymous_1)","decl":{"start":{"line":10,"column":0},"end":{"line":10,"column":5}},"loc":{"start":{"line":10,"column":23},"end":{"line":14,"column":1}}},"2":{"name":"assertState","decl":{"start":{"line":16,"column":9},"end":{"line":16,"column":20}},"loc":{"start":{"line":16,"column":67},"end":{"line":31,"column":1}}},"3":{"name":"create","decl":{"start":{"line":33,"column":9},"end":{"line":33,"column":15}},"loc":{"start":{"line":33,"column":81},"end":{"line":90,"column":1}}},"4":{"name":"(anonymous_4)","decl":{"start":{"line":34,"column":8},"end":{"line":34,"column":18}},"loc":{"start":{"line":34,"column":48},"end":{"line":89,"column":2}}},"5":{"name":"(anonymous_5)","decl":{"start":{"line":41,"column":3},"end":{"line":41,"column":13}},"loc":{"start":{"line":41,"column":73},"end":{"line":85,"column":4}}},"6":{"name":"(anonymous_6)","decl":{"start":{"line":62,"column":6},"end":{"line":62,"column":16}},"loc":{"start":{"line":62,"column":41},"end":{"line":71,"column":7}}},"7":{"name":"(anonymous_7)","decl":{"start":{"line":64,"column":8},"end":{"line":64,"column":18}},"loc":{"start":{"line":64,"column":50},"end":{"line":68,"column":9}}},"8":{"name":"(anonymous_8)","decl":{"start":{"line":74,"column":13},"end":{"line":74,"column":23}},"loc":{"start":{"line":74,"column":37},"end":{"line":74,"column":51}}},"9":{"name":"(anonymous_9)","decl":{"start":{"line":109,"column":1},"end":{"line":109,"column":null}},"loc":{"start":{"line":109,"column":1},"end":{"line":112,"column":2}}},"10":{"name":"(anonymous_10)","decl":{"start":{"line":117,"column":1},"end":{"line":117,"column":12}},"loc":{"start":{"line":117,"column":16},"end":{"line":119,"column":2}}},"11":{"name":"(anonymous_11)","decl":{"start":{"line":125,"column":8},"end":{"line":125,"column":31}},"loc":{"start":{"line":125,"column":31},"end":{"line":127,"column":2}}},"12":{"name":"(anonymous_12)","decl":{"start":{"line":134,"column":8},"end":{"line":134,"column":23}},"loc":{"start":{"line":134,"column":57},"end":{"line":136,"column":2}}},"13":{"name":"(anonymous_13)","decl":{"start":{"line":144,"column":8},"end":{"line":144,"column":23}},"loc":{"start":{"line":144,"column":48},"end":{"line":146,"column":2}}},"14":{"name":"(anonymous_14)","decl":{"start":{"line":153,"column":8},"end":{"line":153,"column":26}},"loc":{"start":{"line":153,"column":51},"end":{"line":155,"column":2}}},"15":{"name":"(anonymous_15)","decl":{"start":{"line":162,"column":8},"end":{"line":162,"column":31}},"loc":{"start":{"line":162,"column":31},"end":{"line":164,"column":2}}},"16":{"name":"(anonymous_16)","decl":{"start":{"line":173,"column":8},"end":{"line":173,"column":22}},"loc":{"start":{"line":173,"column":67},"end":{"line":178,"column":2}}},"17":{"name":"(anonymous_17)","decl":{"start":{"line":186,"column":8},"end":{"line":186,"column":22}},"loc":{"start":{"line":186,"column":34},"end":{"line":188,"column":2}}},"18":{"name":"(anonymous_18)","decl":{"start":{"line":196,"column":8},"end":{"line":196,"column":25}},"loc":{"start":{"line":196,"column":37},"end":{"line":201,"column":2}}},"19":{"name":"(anonymous_19)","decl":{"start":{"line":211,"column":8},"end":{"line":211,"column":14}},"loc":{"start":{"line":211,"column":45},"end":{"line":215,"column":2}}}},"branchMap":{"0":{"loc":{"start":{"line":10,"column":5},"end":{"line":10,"column":null}},"type":"binary-expr","locations":[{"start":{"line":10,"column":5},"end":{"line":10,"column":23}},{"start":{"line":10,"column":5},"end":{"line":10,"column":null}}]},"1":{"loc":{"start":{"line":17,"column":1},"end":{"line":29,"column":null}},"type":"if","locations":[{"start":{"line":17,"column":1},"end":{"line":29,"column":null}},{"start":{"line":23,"column":8},"end":{"line":29,"column":null}}]},"2":{"loc":{"start":{"line":18,"column":2},"end":{"line":21,"column":null}},"type":"if","locations":[{"start":{"line":18,"column":2},"end":{"line":21,"column":null}}]},"3":{"loc":{"start":{"line":24,"column":2},"end":{"line":27,"column":null}},"type":"if","locations":[{"start":{"line":24,"column":2},"end":{"line":27,"column":null}}]},"4":{"loc":{"start":{"line":43,"column":4},"end":{"line":45,"column":null}},"type":"if","locations":[{"start":{"line":43,"column":4},"end":{"line":45,"column":null}}]},"5":{"loc":{"start":{"line":48,"column":4},"end":{"line":51,"column":null}},"type":"if","locations":[{"start":{"line":48,"column":4},"end":{"line":51,"column":null}}]},"6":{"loc":{"start":{"line":60,"column":17},"end":{"line":60,"column":68}},"type":"cond-expr","locations":[{"start":{"line":60,"column":42},"end":{"line":60,"column":46}},{"start":{"line":60,"column":49},"end":{"line":60,"column":68}}]},"7":{"loc":{"start":{"line":65,"column":16},"end":{"line":67,"column":12}},"type":"cond-expr","locations":[{"start":{"line":66,"column":10},"end":{"line":66,"column":61}},{"start":{"line":67,"column":10},"end":{"line":67,"column":12}}]},"8":{"loc":{"start":{"line":65,"column":16},"end":{"line":65,"column":45}},"type":"binary-expr","locations":[{"start":{"line":65,"column":16},"end":{"line":65,"column":25}},{"start":{"line":65,"column":29},"end":{"line":65,"column":45}}]},"9":{"loc":{"start":{"line":66,"column":11},"end":{"line":66,"column":59}},"type":"cond-expr","locations":[{"start":{"line":66,"column":42},"end":{"line":66,"column":50}},{"start":{"line":66,"column":53},"end":{"line":66,"column":59}}]},"10":{"loc":{"start":{"line":76,"column":4},"end":{"line":84,"column":null}},"type":"if","locations":[{"start":{"line":76,"column":4},"end":{"line":84,"column":null}},{"start":{"line":78,"column":11},"end":{"line":84,"column":null}}]},"11":{"loc":{"start":{"line":78,"column":11},"end":{"line":84,"column":null}},"type":"if","locations":[{"start":{"line":78,"column":11},"end":{"line":84,"column":null}},{"start":{"line":82,"column":11},"end":{"line":84,"column":null}}]},"12":{"loc":{"start":{"line":80,"column":5},"end":{"line":80,"column":120}},"type":"if","locations":[{"start":{"line":80,"column":5},"end":{"line":80,"column":120}}]},"13":{"loc":{"start":{"line":174,"column":2},"end":{"line":176,"column":null}},"type":"if","locations":[{"start":{"line":174,"column":2},"end":{"line":176,"column":null}}]},"14":{"loc":{"start":{"line":197,"column":2},"end":{"line":200,"column":null}},"type":"if","locations":[{"start":{"line":197,"column":2},"end":{"line":200,"column":null}},{"start":{"line":200,"column":7},"end":{"line":200,"column":null}}]}},"s":{"0":2,"1":1,"2":2,"3":2,"4":2,"5":2,"6":76,"7":60,"8":1,"9":59,"10":16,"11":1,"12":15,"13":61,"14":61,"15":61,"16":61,"17":61,"18":94,"19":94,"20":18,"21":76,"22":76,"23":74,"24":15,"25":15,"26":74,"27":74,"28":122,"29":113,"30":62,"31":74,"32":69,"33":5,"34":4,"35":4,"36":0,"37":4,"38":1,"39":58,"40":2,"41":3,"42":3,"43":7,"44":1,"45":1,"46":1,"47":1,"48":1,"49":6,"50":1,"51":5,"52":5,"53":2,"54":1,"55":1,"56":61,"57":58,"58":2},"f":{"0":1,"1":2,"2":76,"3":61,"4":61,"5":94,"6":122,"7":113,"8":62,"9":3,"10":7,"11":1,"12":1,"13":1,"14":1,"15":1,"16":6,"17":5,"18":2,"19":61},"b":{"0":[2,2],"1":[60,16],"2":[1],"3":[1],"4":[18],"5":[15],"6":[58,16],"7":[101,12],"8":[113,110],"9":[8,93],"10":[69,5],"11":[4,1],"12":[0],"13":[1],"14":[1,1]}}
,"Y:\\Projects\\Rubixcode\\string-format\\src\\util\\assert-util.ts": {"path":"Y:\\Projects\\Rubixcode\\string-format\\src\\util\\assert-util.ts","statementMap":{"0":{"start":{"line":1,"column":0},"end":{"line":1,"column":27}},"1":{"start":{"line":3,"column":0},"end":{"line":3,"column":22}},"2":{"start":{"line":30,"column":2},"end":{"line":36,"column":null}},"3":{"start":{"line":31,"column":3},"end":{"line":36,"column":null}},"4":{"start":{"line":37,"column":2},"end":{"line":37,"column":null}},"5":{"start":{"line":51,"column":2},"end":{"line":56,"column":null}},"6":{"start":{"line":52,"column":3},"end":{"line":56,"column":null}},"7":{"start":{"line":57,"column":2},"end":{"line":57,"column":null}},"8":{"start":{"line":71,"column":2},"end":{"line":76,"column":null}},"9":{"start":{"line":72,"column":3},"end":{"line":76,"column":null}},"10":{"start":{"line":77,"column":2},"end":{"line":77,"column":null}},"11":{"start":{"line":91,"column":2},"end":{"line":97,"column":null}},"12":{"start":{"line":92,"column":3},"end":{"line":97,"column":null}},"13":{"start":{"line":98,"column":2},"end":{"line":98,"column":null}},"14":{"start":{"line":112,"column":2},"end":{"line":118,"column":null}},"15":{"start":{"line":113,"column":3},"end":{"line":118,"column":null}},"16":{"start":{"line":119,"column":2},"end":{"line":119,"column":null}},"17":{"start":{"line":133,"column":2},"end":{"line":139,"column":null}},"18":{"start":{"line":134,"column":3},"end":{"line":139,"column":null}},"19":{"start":{"line":140,"column":2},"end":{"line":140,"column":null}},"20":{"start":{"line":154,"column":2},"end":{"line":160,"column":null}},"21":{"start":{"line":155,"column":3},"end":{"line":160,"column":null}},"22":{"start":{"line":161,"column":2},"end":{"line":161,"column":null}},"23":{"start":{"line":175,"column":2},"end":{"line":181,"column":null}},"24":{"start":{"line":176,"column":3},"end":{"line":181,"column":null}},"25":{"start":{"line":182,"column":2},"end":{"line":182,"column":null}},"26":{"start":{"line":197,"column":2},"end":{"line":203,"column":null}},"27":{"start":{"line":198,"column":3},"end":{"line":203,"column":null}},"28":{"start":{"line":204,"column":2},"end":{"line":204,"column":null}},"29":{"start":{"line":218,"column":2},"end":{"line":224,"column":null}},"30":{"start":{"line":219,"column":3},"end":{"line":224,"column":null}},"31":{"start":{"line":225,"column":2},"end":{"line":225,"column":null}},"32":{"start":{"line":239,"column":2},"end":{"line":245,"column":null}},"33":{"start":{"line":240,"column":3},"end":{"line":245,"column":null}},"34":{"start":{"line":246,"column":2},"end":{"line":246,"column":null}},"35":{"start":{"line":261,"column":2},"end":{"line":268,"column":null}},"36":{"start":{"line":262,"column":3},"end":{"line":267,"column":null}},"37":{"start":{"line":269,"column":2},"end":{"line":269,"column":null}},"38":{"start":{"line":284,"column":2},"end":{"line":284,"column":null}},"39":{"start":{"line":285,"column":2},"end":{"line":285,"column":null}},"40":{"start":{"line":286,"column":2},"end":{"line":292,"column":null}},"41":{"start":{"line":287,"column":3},"end":{"line":292,"column":null}},"42":{"start":{"line":293,"column":2},"end":{"line":293,"column":null}},"43":{"start":{"line":308,"column":2},"end":{"line":308,"column":null}},"44":{"start":{"line":309,"column":2},"end":{"line":309,"column":null}},"45":{"start":{"line":310,"column":2},"end":{"line":316,"column":null}},"46":{"start":{"line":311,"column":3},"end":{"line":316,"column":null}},"47":{"start":{"line":317,"column":2},"end":{"line":317,"column":null}},"48":{"start":{"line":332,"column":2},"end":{"line":332,"column":null}},"49":{"start":{"line":333,"column":2},"end":{"line":333,"column":null}},"50":{"start":{"line":334,"column":2},"end":{"line":340,"column":null}},"51":{"start":{"line":335,"column":3},"end":{"line":340,"column":null}},"52":{"start":{"line":341,"column":2},"end":{"line":341,"column":null}},"53":{"start":{"line":356,"column":2},"end":{"line":356,"column":null}},"54":{"start":{"line":357,"column":2},"end":{"line":357,"column":null}},"55":{"start":{"line":358,"column":2},"end":{"line":364,"column":null}},"56":{"start":{"line":359,"column":3},"end":{"line":364,"column":null}},"57":{"start":{"line":365,"column":2},"end":{"line":365,"column":null}},"58":{"start":{"line":381,"column":2},"end":{"line":387,"column":null}},"59":{"start":{"line":382,"column":3},"end":{"line":387,"column":null}},"60":{"start":{"line":388,"column":2},"end":{"line":388,"column":null}},"61":{"start":{"line":404,"column":2},"end":{"line":414,"column":null}},"62":{"start":{"line":405,"column":32},"end":{"line":405,"column":50}},"63":{"start":{"line":406,"column":21},"end":{"line":406,"column":45}},"64":{"start":{"line":408,"column":3},"end":{"line":413,"column":null}},"65":{"start":{"line":415,"column":2},"end":{"line":415,"column":null}},"66":{"start":{"line":430,"column":2},"end":{"line":436,"column":null}},"67":{"start":{"line":431,"column":3},"end":{"line":436,"column":null}},"68":{"start":{"line":437,"column":2},"end":{"line":437,"column":null}},"69":{"start":{"line":452,"column":2},"end":{"line":458,"column":null}},"70":{"start":{"line":453,"column":3},"end":{"line":458,"column":null}},"71":{"start":{"line":459,"column":2},"end":{"line":459,"column":null}},"72":{"start":{"line":474,"column":2},"end":{"line":475,"column":null}},"73":{"start":{"line":475,"column":3},"end":{"line":475,"column":null}},"74":{"start":{"line":476,"column":2},"end":{"line":476,"column":null}},"75":{"start":{"line":15,"column":0},"end":{"line":15,"column":13}}},"fnMap":{"0":{"name":"(anonymous_1)","decl":{"start":{"line":29,"column":8},"end":{"line":29,"column":14}},"loc":{"start":{"line":29,"column":72},"end":{"line":38,"column":2}}},"1":{"name":"(anonymous_2)","decl":{"start":{"line":50,"column":8},"end":{"line":50,"column":14}},"loc":{"start":{"line":50,"column":52},"end":{"line":58,"column":2}}},"2":{"name":"(anonymous_3)","decl":{"start":{"line":70,"column":8},"end":{"line":70,"column":14}},"loc":{"start":{"line":70,"column":46},"end":{"line":78,"column":2}}},"3":{"name":"(anonymous_4)","decl":{"start":{"line":90,"column":8},"end":{"line":90,"column":14}},"loc":{"start":{"line":90,"column":48},"end":{"line":99,"column":2}}},"4":{"name":"(anonymous_5)","decl":{"start":{"line":111,"column":8},"end":{"line":111,"column":14}},"loc":{"start":{"line":111,"column":48},"end":{"line":120,"column":2}}},"5":{"name":"(anonymous_6)","decl":{"start":{"line":132,"column":8},"end":{"line":132,"column":14}},"loc":{"start":{"line":132,"column":49},"end":{"line":141,"column":2}}},"6":{"name":"(anonymous_7)","decl":{"start":{"line":153,"column":8},"end":{"line":153,"column":14}},"loc":{"start":{"line":153,"column":50},"end":{"line":162,"column":2}}},"7":{"name":"(anonymous_8)","decl":{"start":{"line":174,"column":8},"end":{"line":174,"column":14}},"loc":{"start":{"line":174,"column":51},"end":{"line":183,"column":2}}},"8":{"name":"(anonymous_9)","decl":{"start":{"line":196,"column":8},"end":{"line":196,"column":14}},"loc":{"start":{"line":196,"column":50},"end":{"line":205,"column":2}}},"9":{"name":"(anonymous_10)","decl":{"start":{"line":217,"column":8},"end":{"line":217,"column":14}},"loc":{"start":{"line":217,"column":48},"end":{"line":226,"column":2}}},"10":{"name":"(anonymous_11)","decl":{"start":{"line":238,"column":8},"end":{"line":238,"column":14}},"loc":{"start":{"line":238,"column":50},"end":{"line":247,"column":2}}},"11":{"name":"(anonymous_12)","decl":{"start":{"line":260,"column":8},"end":{"line":260,"column":14}},"loc":{"start":{"line":260,"column":62},"end":{"line":270,"column":2}}},"12":{"name":"(anonymous_13)","decl":{"start":{"line":283,"column":8},"end":{"line":283,"column":14}},"loc":{"start":{"line":283,"column":74},"end":{"line":294,"column":2}}},"13":{"name":"(anonymous_14)","decl":{"start":{"line":307,"column":8},"end":{"line":307,"column":14}},"loc":{"start":{"line":307,"column":81},"end":{"line":318,"column":2}}},"14":{"name":"(anonymous_15)","decl":{"start":{"line":331,"column":8},"end":{"line":331,"column":14}},"loc":{"start":{"line":331,"column":71},"end":{"line":342,"column":2}}},"15":{"name":"(anonymous_16)","decl":{"start":{"line":355,"column":8},"end":{"line":355,"column":14}},"loc":{"start":{"line":355,"column":78},"end":{"line":366,"column":2}}},"16":{"name":"(anonymous_17)","decl":{"start":{"line":380,"column":8},"end":{"line":380,"column":14}},"loc":{"start":{"line":380,"column":74},"end":{"line":389,"column":2}}},"17":{"name":"(anonymous_18)","decl":{"start":{"line":403,"column":8},"end":{"line":403,"column":14}},"loc":{"start":{"line":403,"column":85},"end":{"line":416,"column":2}}},"18":{"name":"(anonymous_19)","decl":{"start":{"line":429,"column":8},"end":{"line":429,"column":14}},"loc":{"start":{"line":429,"column":65},"end":{"line":438,"column":2}}},"19":{"name":"(anonymous_20)","decl":{"start":{"line":451,"column":8},"end":{"line":451,"column":14}},"loc":{"start":{"line":451,"column":67},"end":{"line":460,"column":2}}},"20":{"name":"(anonymous_21)","decl":{"start":{"line":473,"column":8},"end":{"line":473,"column":14}},"loc":{"start":{"line":473,"column":72},"end":{"line":477,"column":2}}}},"branchMap":{"0":{"loc":{"start":{"line":30,"column":2},"end":{"line":36,"column":null}},"type":"if","locations":[{"start":{"line":30,"column":2},"end":{"line":36,"column":null}}]},"1":{"loc":{"start":{"line":51,"column":2},"end":{"line":56,"column":null}},"type":"if","locations":[{"start":{"line":51,"column":2},"end":{"line":56,"column":null}}]},"2":{"loc":{"start":{"line":71,"column":2},"end":{"line":76,"column":null}},"type":"if","locations":[{"start":{"line":71,"column":2},"end":{"line":76,"column":null}}]},"3":{"loc":{"start":{"line":91,"column":2},"end":{"line":97,"column":null}},"type":"if","locations":[{"start":{"line":91,"column":2},"end":{"line":97,"column":null}}]},"4":{"loc":{"start":{"line":112,"column":2},"end":{"line":118,"column":null}},"type":"if","locations":[{"start":{"line":112,"column":2},"end":{"line":118,"column":null}}]},"5":{"loc":{"start":{"line":133,"column":2},"end":{"line":139,"column":null}},"type":"if","locations":[{"start":{"line":133,"column":2},"end":{"line":139,"column":null}}]},"6":{"loc":{"start":{"line":154,"column":2},"end":{"line":160,"column":null}},"type":"if","locations":[{"start":{"line":154,"column":2},"end":{"line":160,"column":null}}]},"7":{"loc":{"start":{"line":175,"column":2},"end":{"line":181,"column":null}},"type":"if","locations":[{"start":{"line":175,"column":2},"end":{"line":181,"column":null}}]},"8":{"loc":{"start":{"line":197,"column":2},"end":{"line":203,"column":null}},"type":"if","locations":[{"start":{"line":197,"column":2},"end":{"line":203,"column":null}}]},"9":{"loc":{"start":{"line":218,"column":2},"end":{"line":224,"column":null}},"type":"if","locations":[{"start":{"line":218,"column":2},"end":{"line":224,"column":null}}]},"10":{"loc":{"start":{"line":239,"column":2},"end":{"line":245,"column":null}},"type":"if","locations":[{"start":{"line":239,"column":2},"end":{"line":245,"column":null}}]},"11":{"loc":{"start":{"line":261,"column":2},"end":{"line":268,"column":null}},"type":"if","locations":[{"start":{"line":261,"column":2},"end":{"line":268,"column":null}}]},"12":{"loc":{"start":{"line":286,"column":2},"end":{"line":292,"column":null}},"type":"if","locations":[{"start":{"line":286,"column":2},"end":{"line":292,"column":null}}]},"13":{"loc":{"start":{"line":310,"column":2},"end":{"line":316,"column":null}},"type":"if","locations":[{"start":{"line":310,"column":2},"end":{"line":316,"column":null}}]},"14":{"loc":{"start":{"line":334,"column":2},"end":{"line":340,"column":null}},"type":"if","locations":[{"start":{"line":334,"column":2},"end":{"line":340,"column":null}}]},"15":{"loc":{"start":{"line":358,"column":2},"end":{"line":364,"column":null}},"type":"if","locations":[{"start":{"line":358,"column":2},"end":{"line":364,"column":null}}]},"16":{"loc":{"start":{"line":381,"column":2},"end":{"line":387,"column":null}},"type":"if","locations":[{"start":{"line":381,"column":2},"end":{"line":387,"column":null}}]},"17":{"loc":{"start":{"line":404,"column":2},"end":{"line":414,"column":null}},"type":"if","locations":[{"start":{"line":404,"column":2},"end":{"line":414,"column":null}}]},"18":{"loc":{"start":{"line":430,"column":2},"end":{"line":436,"column":null}},"type":"if","locations":[{"start":{"line":430,"column":2},"end":{"line":436,"column":null}}]},"19":{"loc":{"start":{"line":430,"column":6},"end":{"line":430,"column":55}},"type":"binary-expr","locations":[{"start":{"line":430,"column":6},"end":{"line":430,"column":18}},{"start":{"line":430,"column":22},"end":{"line":430,"column":55}}]},"20":{"loc":{"start":{"line":452,"column":2},"end":{"line":458,"column":null}},"type":"if","locations":[{"start":{"line":452,"column":2},"end":{"line":458,"column":null}}]}},"s":{"0":4,"1":4,"2":0,"3":0,"4":0,"5":0,"6":0,"7":0,"8":0,"9":0,"10":0,"11":0,"12":0,"13":0,"14":112,"15":0,"16":112,"17":0,"18":0,"19":0,"20":0,"21":0,"22":0,"23":0,"24":0,"25":0,"26":0,"27":0,"28":0,"29":0,"30":0,"31":0,"32":0,"33":0,"34":0,"35":0,"36":0,"37":0,"38":0,"39":0,"40":0,"41":0,"42":0,"43":0,"44":0,"45":0,"46":0,"47":0,"48":0,"49":0,"50":0,"51":0,"52":0,"53":0,"54":0,"55":0,"56":0,"57":0,"58":0,"59":0,"60":0,"61":0,"62":0,"63":0,"64":0,"65":0,"66":0,"67":0,"68":0,"69":0,"70":0,"71":0,"72":0,"73":0,"74":0,"75":4},"f":{"0":0,"1":0,"2":0,"3":0,"4":112,"5":0,"6":0,"7":0,"8":0,"9":0,"10":0,"11":0,"12":0,"13":0,"14":0,"15":0,"16":0,"17":0,"18":0,"19":0,"20":0},"b":{"0":[0],"1":[0],"2":[0],"3":[0],"4":[0],"5":[0],"6":[0],"7":[0],"8":[0],"9":[0],"10":[0],"11":[0],"12":[0],"13":[0],"14":[0],"15":[0],"16":[0],"17":[0],"18":[0],"19":[0,0],"20":[0]}}
}
