TN:
SF:src\StringFormat.ts
FN:181,(anonymous_0)
FN:190,(anonymous_1)
FN:197,(anonymous_2)
FN:207,(anonymous_3)
FN:223,(anonymous_4)
FN:233,(anonymous_5)
FN:242,(anonymous_6)
FN:248,(anonymous_7)
FN:251,(anonymous_8)
FN:263,(anonymous_9)
FN:274,(anonymous_10)
FNF:11
FNH:11
FNDA:5,(anonymous_0)
FNDA:1,(anonymous_1)
FNDA:5,(anonymous_2)
FNDA:29,(anonymous_3)
FNDA:4,(anonymous_4)
FNDA:2,(anonymous_5)
FNDA:28,(anonymous_6)
FNDA:15,(anonymous_7)
FNDA:157,(anonymous_8)
FNDA:4,(anonymous_9)
FNDA:161,(anonymous_10)
DA:2,4
DA:165,4
DA:170,28
DA:175,28
DA:182,5
DA:191,1
DA:198,5
DA:208,29
DA:209,29
DA:210,1
DA:212,28
DA:213,28
DA:224,4
DA:234,2
DA:235,2
DA:236,1
DA:239,1
DA:249,15
DA:251,15
DA:252,157
DA:264,4
DA:275,161
DA:277,161
DA:279,167
DA:280,150
DA:281,139
DA:282,139
DA:283,134
DA:287,144
LF:29
LH:29
BRDA:209,0,0,1
BRDA:235,1,0,1
BRDA:280,2,0,139
BRDA:282,3,0,134
BRF:4
BRH:4
end_of_record
TN:
SF:src\index.ts
FN:24,(anonymous_1)
FNF:1
FNH:1
FNDA:1,(anonymous_1)
DA:1,1
DA:2,1
DA:3,1
DA:25,1
DA:29,1
DA:30,1
DA:32,1
DA:33,1
DA:35,1
DA:37,1
DA:38,1
DA:39,1
DA:46,1
DA:48,1
LF:14
LH:14
BRF:0
BRH:0
end_of_record
TN:
SF:src\formatters\CStyleFormatter.ts
FN:5,(anonymous_0)
FN:6,(anonymous_1)
FN:14,isParsableNumber
FN:26,(anonymous_3)
FN:45,(anonymous_4)
FN:77,(anonymous_5)
FN:92,(anonymous_6)
FN:107,(anonymous_7)
FN:124,(anonymous_8)
FN:139,(anonymous_9)
FN:167,(anonymous_10)
FN:200,(anonymous_11)
FN:215,(anonymous_12)
FN:259,(anonymous_13)
FN:317,(anonymous_14)
FN:345,(anonymous_15)
FN:348,(anonymous_16)
FN:357,(anonymous_17)
FN:366,(anonymous_18)
FN:381,(anonymous_19)
FN:390,(anonymous_20)
FN:405,(anonymous_21)
FN:416,(anonymous_22)
FN:426,(anonymous_23)
FN:436,(anonymous_24)
FN:448,(anonymous_25)
FNF:26
FNH:25
FNDA:11,(anonymous_0)
FNDA:3,(anonymous_1)
FNDA:71,isParsableNumber
FNDA:27,(anonymous_3)
FNDA:15,(anonymous_4)
FNDA:10,(anonymous_5)
FNDA:5,(anonymous_6)
FNDA:7,(anonymous_7)
FNDA:5,(anonymous_8)
FNDA:9,(anonymous_9)
FNDA:14,(anonymous_10)
FNDA:0,(anonymous_11)
FNDA:11,(anonymous_12)
FNDA:8,(anonymous_13)
FNDA:13,(anonymous_14)
FNDA:12,(anonymous_15)
FNDA:132,(anonymous_16)
FNDA:1,(anonymous_17)
FNDA:137,(anonymous_18)
FNDA:2,(anonymous_19)
FNDA:3,(anonymous_20)
FNDA:1,(anonymous_21)
FNDA:1,(anonymous_22)
FNDA:1,(anonymous_23)
FNDA:1,(anonymous_24)
FNDA:107,(anonymous_25)
DA:1,2
DA:4,2
DA:5,11
DA:6,3
DA:15,71
DA:16,71
DA:17,71
DA:23,2
DA:27,27
DA:28,1
DA:30,26
DA:31,1
DA:33,25
DA:42,2
DA:46,15
DA:47,3
DA:49,12
DA:50,12
DA:51,12
DA:52,12
DA:55,12
DA:57,4
DA:58,4
DA:60,3
DA:61,3
DA:63,5
DA:64,5
DA:66,12
DA:74,2
DA:78,10
DA:79,1
DA:81,9
DA:89,2
DA:93,5
DA:94,1
DA:96,4
DA:104,2
DA:108,7
DA:109,2
DA:111,5
DA:112,5
DA:113,5
DA:121,2
DA:125,5
DA:126,1
DA:128,4
DA:136,2
DA:140,9
DA:141,1
DA:143,8
DA:144,8
DA:147,8
DA:149,5
DA:150,5
DA:152,3
DA:153,3
DA:155,8
DA:164,2
DA:168,14
DA:169,1
DA:171,13
DA:174,13
DA:175,4
DA:180,9
DA:181,9
DA:182,9
DA:183,9
DA:188,13
DA:197,2
DA:201,0
DA:202,0
DA:204,0
DA:212,2
DA:216,11
DA:217,1
DA:219,10
DA:220,10
DA:221,10
DA:222,10
DA:225,10
DA:226,7
DA:227,4
DA:228,4
DA:232,1
DA:234,3
DA:239,3
DA:240,3
DA:241,3
DA:242,3
DA:248,9
DA:256,2
DA:260,8
DA:261,1
DA:263,7
DA:264,7
DA:265,7
DA:266,7
DA:267,7
DA:268,7
DA:271,7
DA:275,7
DA:276,4
DA:277,3
DA:278,3
DA:279,3
DA:284,1
DA:290,7
DA:315,2
DA:317,13
DA:322,2
DA:340,2
DA:347,12
DA:348,12
DA:349,132
DA:358,1
DA:367,137
DA:368,137
DA:369,3
DA:371,134
DA:382,2
DA:391,3
DA:392,3
DA:393,1
DA:396,2
DA:406,1
DA:417,1
DA:427,1
DA:437,1
DA:449,107
DA:450,107
DA:451,107
DA:453,107
DA:454,117
DA:455,116
DA:459,116
DA:460,603
DA:461,114
DA:463,114
DA:466,116
DA:467,114
DA:468,99
DA:473,92
LF:142
LH:139
BRDA:16,0,0,71
BRDA:16,0,1,60
BRDA:27,1,0,1
BRDA:27,1,1,26
BRDA:27,2,0,27
BRDA:27,2,1,10
BRDA:30,3,0,1
BRDA:30,4,0,26
BRDA:30,4,1,17
BRDA:30,4,2,3
BRDA:46,5,0,3
BRDA:52,6,0,1
BRDA:55,7,0,4
BRDA:55,7,1,3
BRDA:55,7,2,5
BRDA:78,8,0,1
BRDA:93,9,0,1
BRDA:108,10,0,2
BRDA:112,11,0,3
BRDA:125,12,0,1
BRDA:140,13,0,1
BRDA:144,14,0,1
BRDA:147,15,0,5
BRDA:147,15,1,3
BRDA:168,16,0,1
BRDA:174,17,0,4
BRDA:174,17,1,9
BRDA:183,18,0,5
BRDA:183,18,1,4
BRDA:201,19,0,0
BRDA:216,20,0,1
BRDA:221,21,0,5
BRDA:221,21,1,5
BRDA:225,22,0,7
BRDA:226,23,0,4
BRDA:226,23,1,3
BRDA:228,24,0,1
BRDA:234,25,0,1
BRDA:234,25,1,2
BRDA:239,26,0,3
BRDA:239,26,1,0
BRDA:242,27,0,2
BRDA:242,27,1,1
BRDA:260,28,0,1
BRDA:268,29,0,6
BRDA:268,29,1,1
BRDA:271,30,0,5
BRDA:271,30,1,2
BRDA:275,31,0,4
BRDA:276,32,0,3
BRDA:276,32,1,1
BRDA:279,33,0,1
BRDA:279,33,1,2
BRDA:368,34,0,3
BRDA:392,35,0,1
BRDA:454,36,0,116
BRDA:460,37,0,114
BRDA:466,38,0,114
BRF:58
BRH:56
end_of_record
TN:
SF:src\formatters\PyStyleFormatter.ts
FN:6,(anonymous_0)
FN:10,(anonymous_1)
FN:16,assertState
FN:33,create
FN:34,(anonymous_4)
FN:41,(anonymous_5)
FN:62,(anonymous_6)
FN:64,(anonymous_7)
FN:74,(anonymous_8)
FN:109,(anonymous_9)
FN:117,(anonymous_10)
FN:125,(anonymous_11)
FN:134,(anonymous_12)
FN:144,(anonymous_13)
FN:153,(anonymous_14)
FN:162,(anonymous_15)
FN:173,(anonymous_16)
FN:186,(anonymous_17)
FN:196,(anonymous_18)
FN:211,(anonymous_19)
FNF:20
FNH:20
FNDA:1,(anonymous_0)
FNDA:2,(anonymous_1)
FNDA:76,assertState
FNDA:61,create
FNDA:61,(anonymous_4)
FNDA:94,(anonymous_5)
FNDA:122,(anonymous_6)
FNDA:113,(anonymous_7)
FNDA:62,(anonymous_8)
FNDA:3,(anonymous_9)
FNDA:7,(anonymous_10)
FNDA:1,(anonymous_11)
FNDA:1,(anonymous_12)
FNDA:1,(anonymous_13)
FNDA:1,(anonymous_14)
FNDA:1,(anonymous_15)
FNDA:6,(anonymous_16)
FNDA:5,(anonymous_17)
FNDA:2,(anonymous_18)
FNDA:61,(anonymous_19)
DA:4,2
DA:6,1
DA:10,2
DA:11,2
DA:12,2
DA:13,2
DA:17,76
DA:18,60
DA:19,1
DA:22,59
DA:24,16
DA:25,1
DA:28,15
DA:34,61
DA:35,61
DA:36,61
DA:37,61
DA:39,61
DA:42,94
DA:43,94
DA:44,18
DA:46,76
DA:47,76
DA:48,74
DA:49,15
DA:50,15
DA:59,74
DA:60,74
DA:63,122
DA:65,113
DA:74,62
DA:76,74
DA:77,69
DA:78,5
DA:79,4
DA:80,4
DA:81,4
DA:83,1
DA:88,58
DA:100,2
DA:102,2
DA:107,3
DA:111,3
DA:118,7
DA:126,1
DA:135,1
DA:145,1
DA:154,1
DA:163,1
DA:174,6
DA:175,1
DA:177,5
DA:187,5
DA:197,2
DA:198,1
DA:200,1
DA:212,61
DA:214,58
LF:58
LH:58
BRDA:10,0,0,2
BRDA:10,0,1,2
BRDA:17,1,0,60
BRDA:17,1,1,16
BRDA:18,2,0,1
BRDA:24,3,0,1
BRDA:43,4,0,18
BRDA:48,5,0,15
BRDA:60,6,0,58
BRDA:60,6,1,16
BRDA:65,7,0,101
BRDA:65,7,1,12
BRDA:65,8,0,113
BRDA:65,8,1,110
BRDA:66,9,0,8
BRDA:66,9,1,93
BRDA:76,10,0,69
BRDA:76,10,1,5
BRDA:78,11,0,4
BRDA:78,11,1,1
BRDA:80,12,0,0
BRDA:174,13,0,1
BRDA:197,14,0,1
BRDA:197,14,1,1
BRF:24
BRH:23
end_of_record
TN:
SF:src\util\assert-util.ts
FN:12,isString
FNF:1
FNH:1
FNDA:112,isString
DA:1,4
DA:12,4
DA:13,112
DA:14,0
DA:20,112
LF:5
LH:4
BRDA:13,0,0,0
BRF:1
BRH:0
end_of_record
